0 info it worked if it ends with ok
<<<<<<< HEAD
1 verbose cli [ '/usr/local/Cellar/node/5.7.0/bin/node',
1 verbose cli   '/usr/local/bin/npm',
1 verbose cli   'start' ]
2 info using npm@3.6.0
3 info using node@v5.7.0
4 verbose run-script [ 'prestart', 'start', 'poststart' ]
5 info lifecycle Onsemble@0.0.0~prestart: Onsemble@0.0.0
6 silly lifecycle Onsemble@0.0.0~prestart: no script for prestart, continuing
7 info lifecycle Onsemble@0.0.0~start: Onsemble@0.0.0
8 verbose lifecycle Onsemble@0.0.0~start: unsafe-perm in lifecycle true
9 verbose lifecycle Onsemble@0.0.0~start: PATH: /usr/local/lib/node_modules/npm/bin/node-gyp-bin:/Users/Bunchhieng/Documents/Bunchhieng/Onsemble/node_modules/.bin:/Users/Bunchhieng/.rvm/gems/ruby-2.2.1/bin:/Users/Bunchhieng/.rvm/gems/ruby-2.2.1@global/bin:/Users/Bunchhieng/.rvm/rubies/ruby-2.2.1/bin:/usr/local/octave/3.8.0/bin:/Users/Bunchhieng/Library/Android/sdk/platform-tools:/Library/PostgreSQL/9.4/bin:/usr/local/bin:/Users/Bunchhieng/anaconda3/bin:/usr/bin:/bin:/usr/sbin:/sbin:/Users/Bunchhieng/.rvm/bin
10 verbose lifecycle Onsemble@0.0.0~start: CWD: /Users/Bunchhieng/Documents/Bunchhieng/Onsemble
11 silly lifecycle Onsemble@0.0.0~start: Args: [ '-c', 'node ./bin/www' ]
12 silly lifecycle Onsemble@0.0.0~start: Returned: code: 1  signal: null
13 info lifecycle Onsemble@0.0.0~start: Failed to exec start script
14 verbose stack Error: Onsemble@0.0.0 start: `node ./bin/www`
14 verbose stack Exit status 1
14 verbose stack     at EventEmitter.<anonymous> (/usr/local/lib/node_modules/npm/lib/utils/lifecycle.js:232:16)
14 verbose stack     at emitTwo (events.js:100:13)
14 verbose stack     at EventEmitter.emit (events.js:185:7)
14 verbose stack     at ChildProcess.<anonymous> (/usr/local/lib/node_modules/npm/lib/utils/spawn.js:24:14)
14 verbose stack     at emitTwo (events.js:100:13)
14 verbose stack     at ChildProcess.emit (events.js:185:7)
14 verbose stack     at maybeClose (internal/child_process.js:827:16)
14 verbose stack     at Process.ChildProcess._handle.onexit (internal/child_process.js:211:5)
15 verbose pkgid Onsemble@0.0.0
16 verbose cwd /Users/Bunchhieng/Documents/Bunchhieng/Onsemble
17 error Darwin 15.3.0
18 error argv "/usr/local/Cellar/node/5.7.0/bin/node" "/usr/local/bin/npm" "start"
19 error node v5.7.0
20 error npm  v3.6.0
21 error code ELIFECYCLE
22 error Onsemble@0.0.0 start: `node ./bin/www`
22 error Exit status 1
23 error Failed at the Onsemble@0.0.0 start script 'node ./bin/www'.
23 error Make sure you have the latest version of node.js and npm installed.
23 error If you do, this is most likely a problem with the Onsemble package,
23 error not with npm itself.
23 error Tell the author that this fails on your system:
23 error     node ./bin/www
23 error You can get information on how to open an issue for this project with:
23 error     npm bugs Onsemble
23 error Or if that isn't available, you can get their info via:
23 error     npm owner ls Onsemble
23 error There is likely additional logging output above.
24 verbose exit [ 1, true ]
=======
1 verbose cli [ 'node', '/Users/justin/.nvm/v0.10.41/bin/npm', 'start' ]
2 info using npm@2.14.16
3 info using node@v0.10.41
4 verbose run-script [ 'prestart', 'start', 'poststart' ]
5 info prestart onsemble@0.0.0
6 info start onsemble@0.0.0
7 verbose unsafe-perm in lifecycle true
8 info onsemble@0.0.0 Failed to exec start script
9 verbose stack Error: onsemble@0.0.0 start: `node ./bin/www`
9 verbose stack Exit status 8
9 verbose stack     at EventEmitter.<anonymous> (/Users/justin/.nvm/v0.10.41/lib/node_modules/npm/lib/utils/lifecycle.js:214:16)
9 verbose stack     at EventEmitter.emit (events.js:98:17)
9 verbose stack     at ChildProcess.<anonymous> (/Users/justin/.nvm/v0.10.41/lib/node_modules/npm/lib/utils/spawn.js:24:14)
9 verbose stack     at ChildProcess.emit (events.js:98:17)
9 verbose stack     at maybeClose (child_process.js:766:16)
9 verbose stack     at Process.ChildProcess._handle.onexit (child_process.js:833:5)
10 verbose pkgid onsemble@0.0.0
11 verbose cwd /Users/justin/Dropbox/Onsemble
12 error Darwin 15.2.0
13 error argv "node" "/Users/justin/.nvm/v0.10.41/bin/npm" "start"
14 error node v0.10.41
15 error npm  v2.14.16
16 error code ELIFECYCLE
17 error onsemble@0.0.0 start: `node ./bin/www`
17 error Exit status 8
18 error Failed at the onsemble@0.0.0 start script 'node ./bin/www'.
18 error This is most likely a problem with the onsemble package,
18 error not with npm itself.
18 error Tell the author that this fails on your system:
18 error     node ./bin/www
18 error You can get information on how to open an issue for this project with:
18 error     npm bugs onsemble
18 error Or if that isn't available, you can get their info via:
18 error
18 error     npm owner ls onsemble
18 error There is likely additional logging output above.
19 verbose exit [ 1, true ]
>>>>>>> d824b183e2a2676a98040eac20e2b009c2b92a07
